 INFO pw.io.booker.aop.AuthenticationAspect 03 Sep 2018 16:10:53. - Values before the method - saveAll
 INFO pw.io.booker.aop.AuthenticationAspect 03 Sep 2018 16:10:54. - Values after the method - saveAll
 INFO pw.io.booker.aop.AuthenticationAspect 03 Sep 2018 16:12:00. - Values after the method - saveAll
 INFO pw.io.booker.aop.AuthenticationAspect 03 Sep 2018 16:12:33. - Values after the method - loginUser
 INFO pw.io.booker.aop.AuthenticationAspect 03 Sep 2018 16:27:59. - Values before the method - saveAll
 INFO pw.io.booker.aop.AuthenticationAspect 03 Sep 2018 16:27:59. - Values after the method - saveAll
 INFO pw.io.booker.aop.AuthenticationAspect 03 Sep 2018 16:28:03. - Values before the method - loginUser
 INFO pw.io.booker.aop.AuthenticationAspect 03 Sep 2018 16:28:03. - Values after the method - loginUser
 INFO pw.io.booker.aop.AuthenticationAspect 03 Sep 2018 16:28:34. - Values before the method - loginUser
 INFO pw.io.booker.aop.AuthenticationAspect 03 Sep 2018 16:28:34. - Values after the method - loginUser
 INFO pw.io.booker.aop.AuthenticationAspect 03 Sep 2018 16:28:49. - Values before the method - validateUser
 INFO pw.io.booker.aop.AuthenticationAspect 03 Sep 2018 16:28:49. - Values after the method - validateUser
 INFO pw.io.booker.aop.AuthenticationAspect 03 Sep 2018 16:28:49. - Values before the method - findAll
 INFO pw.io.booker.aop.AuthenticationAspect 03 Sep 2018 16:28:49. - Values after the method - findAll
 INFO pw.io.booker.aop.AuthenticationAspect 03 Sep 2018 16:28:52. - Values before the method - validateUser
 INFO pw.io.booker.aop.AuthenticationAspect 03 Sep 2018 16:28:52. - Values after the method - validateUser
 INFO pw.io.booker.aop.AuthenticationAspect 03 Sep 2018 16:42:17. - Values before the method - saveAll
 INFO pw.io.booker.aop.AuthenticationAspect 03 Sep 2018 16:42:17. - Values after the method - saveAll
 INFO pw.io.booker.aop.AuthenticationAspect 03 Sep 2018 16:42:23. - Values before the method - loginUser
 INFO pw.io.booker.aop.AuthenticationAspect 03 Sep 2018 16:42:23. - Values after the method - loginUser
 INFO pw.io.booker.aop.AuthenticationAspect 03 Sep 2018 16:43:25. - Values before the method - validateUser
 INFO pw.io.booker.aop.AuthenticationAspect 03 Sep 2018 16:43:25. - Values after the method - validateUser
 INFO pw.io.booker.aop.AuthenticationAspect 03 Sep 2018 16:43:25. - Values before the method - findAll
 INFO pw.io.booker.aop.AuthenticationAspect 03 Sep 2018 16:43:25. - Values after the method - findAll
 INFO pw.io.booker.aop.AuthenticationAspect 03 Sep 2018 16:43:29. - Values before the method - validateUser
 INFO pw.io.booker.aop.AuthenticationAspect 03 Sep 2018 16:43:29. - Values after the method - validateUser
 INFO pw.io.booker.aop.AuthenticationAspect 03 Sep 2018 16:45:04. - Values before the method - saveAll
 INFO pw.io.booker.aop.AuthenticationAspect 03 Sep 2018 16:45:04. - Values after the method - saveAll
 INFO pw.io.booker.aop.AuthenticationAspect 03 Sep 2018 16:45:07. - Values before the method - loginUser
 INFO pw.io.booker.aop.AuthenticationAspect 03 Sep 2018 16:45:07. - Values after the method - loginUser
 INFO pw.io.booker.aop.AuthenticationAspect 03 Sep 2018 16:45:15. - Values before the method - validateUser
 INFO pw.io.booker.aop.AuthenticationAspect 03 Sep 2018 16:45:15. - Values after the method - validateUser
 INFO pw.io.booker.aop.AuthenticationAspect 03 Sep 2018 16:45:25. - Values before the method - validateUser
 INFO pw.io.booker.aop.AuthenticationAspect 03 Sep 2018 16:45:25. - Values after the method - validateUser
 INFO pw.io.booker.aop.AuthenticationAspect 03 Sep 2018 16:45:25. - Values before the method - findAll
 INFO pw.io.booker.aop.AuthenticationAspect 03 Sep 2018 16:45:25. - Values after the method - findAll
